<?xml version="1.0" encoding="UTF-8"?>
<testng-results ignored="0" total="1" passed="1" failed="0" skipped="0">
  <reporter-output>
  </reporter-output>
  <suite started-at="2023-04-08T14:32:41 IST" name="Default suite" finished-at="2023-04-08T14:32:53 IST" duration-ms="12263">
    <groups>
    </groups>
    <test started-at="2023-04-08T14:32:41 IST" name="Default test" finished-at="2023-04-08T14:32:53 IST" duration-ms="12263">
      <class name="test.windowHandle">
        <test-method signature="wondow()[pri:0, instance:test.windowHandle@4efc180e]" started-at="2023-04-08T14:32:41 IST" name="wondow" finished-at="2023-04-08T14:32:53 IST" duration-ms="12201" status="PASS">
          <reporter-output>
          </reporter-output>
        </test-method> <!-- wondow -->
      </class> <!-- test.windowHandle -->
    </test> <!-- Default test -->
  </suite> <!-- Default suite -->
</testng-results>
