<?xml version="1.0" encoding="UTF-8"?>
<!-- Generated by org.testng.reporters.JUnitXMLReporter -->
<testsuite ignored="0" hostname="DESKTOP-VCK713F" failures="0" tests="3" name="Test as" time="44.96" errors="0" timestamp="2023-04-11T14:42:06 IST">
  <testcase classname="test.upload_File" name="one" time="28.416"/>
  <testcase classname="test.windowHandle" name="wondow" time="32.177"/>
  <testcase classname="test.demoPractice" name="AllFielddemo" time="44.908"/>
</testsuite> <!-- Test as -->
